[{"line":2,"elements":[{"start_timestamp":"2022-06-25T21:27:15.411Z","before":[{"result":{"duration":10427000000,"status":"passed"},"match":{"location":"util.Hooks.before()"}}],"line":40,"name":"New User Registration","description":"","id":"sign-up-page;new-user-registration;;2","after":[{"result":{"duration":976000000,"status":"passed"},"match":{"location":"util.Hooks.after()"}}],"type":"scenario","keyword":"Scenario Outline","steps":[{"result":{"duration":11038000000,"status":"passed"},"before":[{"result":{"status":"passed"},"match":{"location":"util.Hooks.beforeStep()"}}],"line":29,"name":"User is on home page","match":{"location":"stepDefinitions.homePageSteps.isOnHomePage()"},"after":[{"result":{"duration":1000000,"status":"passed"},"match":{"location":"util.Hooks.afterStep()"}}],"keyword":"Given "},{"result":{"duration":606000000,"status":"passed"},"before":[{"result":{"status":"passed"},"match":{"location":"util.Hooks.beforeStep()"}}],"line":30,"name":"User hovers over Login button and clicks Sign Up Button in home page","match":{"location":"stepDefinitions.homePageSteps.clickSignUpButton()"},"after":[{"result":{"duration":1000000,"status":"passed"},"match":{"location":"util.Hooks.afterStep()"}}],"keyword":"When "},{"result":{"duration":3939000000,"status":"passed"},"before":[{"result":{"duration":1000000,"status":"passed"},"match":{"location":"util.Hooks.beforeStep()"}}],"line":31,"name":"User should see \"Üye Ol - LC Waikiki\" pageTitle","match":{"arguments":[{"val":"\"Üye Ol - LC Waikiki\"","offset":16}],"location":"stepDefinitions.signUpPageSteps.shouldSeePageTitle(java.lang.String)"},"after":[{"result":{"duration":1000000,"status":"passed"},"match":{"location":"util.Hooks.afterStep()"}}],"keyword":"Then "},{"result":{"duration":488000000,"status":"passed"},"before":[{"result":{"status":"passed"},"match":{"location":"util.Hooks.beforeStep()"}}],"line":32,"name":"User fills out the \"Email\" input container with  \"seday30647@gmail.com\" in sign up page","match":{"arguments":[{"val":"\"Email\"","offset":19},{"val":"\"seday30647@gmail.com\"","offset":49}],"location":"stepDefinitions.signUpPageSteps.fillOutInputContainer(java.lang.String,java.lang.String)"},"after":[{"result":{"status":"passed"},"match":{"location":"util.Hooks.afterStep()"}}],"keyword":"When "},{"result":{"duration":158000000,"status":"passed"},"before":[{"result":{"status":"passed"},"match":{"location":"util.Hooks.beforeStep()"}}],"line":33,"name":"User fills out the \"Password\" input container with  \"12345678a\" in sign up page","match":{"arguments":[{"val":"\"Password\"","offset":19},{"val":"\"12345678a\"","offset":52}],"location":"stepDefinitions.signUpPageSteps.fillOutInputContainer(java.lang.String,java.lang.String)"},"after":[{"result":{"duration":2000000,"status":"passed"},"match":{"location":"util.Hooks.afterStep()"}}],"keyword":"When "},{"result":{"duration":208000000,"status":"passed"},"before":[{"result":{"duration":1000000,"status":"passed"},"match":{"location":"util.Hooks.beforeStep()"}}],"line":34,"name":"User fills out the \"Phone Number\" input container with  \"05234567890\" in sign up page","match":{"arguments":[{"val":"\"Phone Number\"","offset":19},{"val":"\"05234567890\"","offset":56}],"location":"stepDefinitions.signUpPageSteps.fillOutInputContainer(java.lang.String,java.lang.String)"},"after":[{"result":{"duration":1000000,"status":"passed"},"match":{"location":"util.Hooks.afterStep()"}}],"keyword":"When "},{"result":{"duration":377000000,"status":"passed"},"before":[{"result":{"status":"passed"},"match":{"location":"util.Hooks.beforeStep()"}}],"line":35,"name":"User checks \"Terms of Use\" checkbox in sign-up page","match":{"arguments":[{"val":"\"Terms of Use\"","offset":12}],"location":"stepDefinitions.signUpPageSteps.checkCheckbox(java.lang.String)"},"after":[{"result":{"status":"passed"},"match":{"location":"util.Hooks.afterStep()"}}],"keyword":"When "},{"result":{"duration":147000000,"status":"passed"},"before":[{"result":{"status":"passed"},"match":{"location":"util.Hooks.beforeStep()"}}],"line":36,"name":"User clicks  \"Sign Up Button\" element in sign-up page","match":{"arguments":[{"val":"\"Sign Up Button\"","offset":13}],"location":"stepDefinitions.signUpPageSteps.clickButton(java.lang.String)"},"after":[{"result":{"status":"passed"},"match":{"location":"util.Hooks.afterStep()"}}],"keyword":"When "},{"result":{"error_message":"org.openqa.selenium.TimeoutException: Expected condition failed: waiting for presence of element located by: By.cssSelector: div .react-base-modal.confirmation-code-modal (tried for 10 second(s) with 500 milliseconds interval)\r\n\tat org.openqa.selenium.support.ui.WebDriverWait.timeoutException(WebDriverWait.java:95)\r\n\tat org.openqa.selenium.support.ui.FluentWait.until(FluentWait.java:272)\r\n\tat util.ElementHelper.checkElementPresence(ElementHelper.java:146)\r\n\tat pages.signUpPage.checkSignUpFormElement(signUpPage.java:96)\r\n\tat stepDefinitions.signUpPageSteps.shouldSeeFormElement(signUpPageSteps.java:19)\r\n\tat ✽.User should see \"Phone Confirmation Pop Up\" element in sign-up page(file:///C:/Users/asus/Desktop/lcw_bootcamp_final_project/lcw_bootcamp_final_project_web/src/test/java/features/signUpPage.feature:37)\r\nCaused by: org.openqa.selenium.NoSuchElementException: no such element: Unable to locate element: {\"method\":\"css selector\",\"selector\":\"div .react-base-modal.confirmation-code-modal\"}\n  (Session info: chrome=102.0.5005.115)\nFor documentation on this error, please visit: https://www.seleniumhq.org/exceptions/no_such_element.html\nBuild info: version: '3.141.59', revision: 'e82be7d358', time: '2018-11-14T08:17:03'\nSystem info: host: 'DESKTOP-4I4DC5M', ip: '192.168.1.35', os.name: 'Windows 10', os.arch: 'amd64', os.version: '10.0', java.version: '1.8.0_332'\nDriver info: org.openqa.selenium.chrome.ChromeDriver\nCapabilities {acceptInsecureCerts: false, browserName: chrome, browserVersion: 102.0.5005.115, chrome: {chromedriverVersion: 102.0.5005.61 (0e59bcc00cc4..., userDataDir: C:\\Users\\asus\\AppData\\Local...}, goog:chromeOptions: {debuggerAddress: localhost:57805}, javascriptEnabled: true, networkConnectionEnabled: false, pageLoadStrategy: normal, platform: WINDOWS, platformName: WINDOWS, proxy: Proxy(), setWindowRect: true, strictFileInteractability: false, timeouts: {implicit: 0, pageLoad: 300000, script: 30000}, unhandledPromptBehavior: dismiss and notify, webauthn:extension:credBlob: true, webauthn:extension:largeBlob: true, webauthn:virtualAuthenticators: true}\nSession ID: d639a082fc8d6f17f703bcfbffab4ae5\n*** Element info: {Using=css selector, value=div .react-base-modal.confirmation-code-modal}\r\n\tat sun.reflect.NativeConstructorAccessorImpl.newInstance0(Native Method)\r\n\tat sun.reflect.NativeConstructorAccessorImpl.newInstance(NativeConstructorAccessorImpl.java:62)\r\n\tat sun.reflect.DelegatingConstructorAccessorImpl.newInstance(DelegatingConstructorAccessorImpl.java:45)\r\n\tat java.lang.reflect.Constructor.newInstance(Constructor.java:423)\r\n\tat org.openqa.selenium.remote.http.W3CHttpResponseCodec.createException(W3CHttpResponseCodec.java:187)\r\n\tat org.openqa.selenium.remote.http.W3CHttpResponseCodec.decode(W3CHttpResponseCodec.java:122)\r\n\tat org.openqa.selenium.remote.http.W3CHttpResponseCodec.decode(W3CHttpResponseCodec.java:49)\r\n\tat org.openqa.selenium.remote.HttpCommandExecutor.execute(HttpCommandExecutor.java:158)\r\n\tat org.openqa.selenium.remote.service.DriverCommandExecutor.execute(DriverCommandExecutor.java:83)\r\n\tat org.openqa.selenium.remote.RemoteWebDriver.execute(RemoteWebDriver.java:552)\r\n\tat org.openqa.selenium.remote.RemoteWebDriver.findElement(RemoteWebDriver.java:323)\r\n\tat org.openqa.selenium.remote.RemoteWebDriver.findElementByCssSelector(RemoteWebDriver.java:420)\r\n\tat org.openqa.selenium.By$ByCssSelector.findElement(By.java:431)\r\n\tat org.openqa.selenium.remote.RemoteWebDriver.findElement(RemoteWebDriver.java:315)\r\n\tat org.openqa.selenium.support.ui.ExpectedConditions$6.apply(ExpectedConditions.java:182)\r\n\tat org.openqa.selenium.support.ui.ExpectedConditions$6.apply(ExpectedConditions.java:179)\r\n\tat org.openqa.selenium.support.ui.FluentWait.until(FluentWait.java:249)\r\n\tat util.ElementHelper.checkElementPresence(ElementHelper.java:146)\r\n\tat pages.signUpPage.checkSignUpFormElement(signUpPage.java:96)\r\n\tat stepDefinitions.signUpPageSteps.shouldSeeFormElement(signUpPageSteps.java:19)\r\n\tat sun.reflect.NativeMethodAccessorImpl.invoke0(Native Method)\r\n\tat sun.reflect.NativeMethodAccessorImpl.invoke(NativeMethodAccessorImpl.java:62)\r\n\tat sun.reflect.DelegatingMethodAccessorImpl.invoke(DelegatingMethodAccessorImpl.java:43)\r\n\tat java.lang.reflect.Method.invoke(Method.java:498)\r\n\tat io.cucumber.java.Invoker.doInvoke(Invoker.java:66)\r\n\tat io.cucumber.java.Invoker.invoke(Invoker.java:24)\r\n\tat io.cucumber.java.AbstractGlueDefinition.invokeMethod(AbstractGlueDefinition.java:47)\r\n\tat io.cucumber.java.JavaStepDefinition.execute(JavaStepDefinition.java:29)\r\n\tat io.cucumber.core.runner.CoreStepDefinition.execute(CoreStepDefinition.java:66)\r\n\tat io.cucumber.core.runner.PickleStepDefinitionMatch.runStep(PickleStepDefinitionMatch.java:63)\r\n\tat io.cucumber.core.runner.ExecutionMode$1.execute(ExecutionMode.java:10)\r\n\tat io.cucumber.core.runner.TestStep.executeStep(TestStep.java:85)\r\n\tat io.cucumber.core.runner.TestStep.run(TestStep.java:57)\r\n\tat io.cucumber.core.runner.PickleStepTestStep.run(PickleStepTestStep.java:51)\r\n\tat io.cucumber.core.runner.TestCase.run(TestCase.java:84)\r\n\tat io.cucumber.core.runner.Runner.runPickle(Runner.java:75)\r\n\tat io.cucumber.testng.TestNGCucumberRunner.lambda$runScenario$1(TestNGCucumberRunner.java:132)\r\n\tat io.cucumber.core.runtime.CucumberExecutionContext.lambda$runTestCase$5(CucumberExecutionContext.java:129)\r\n\tat io.cucumber.core.runtime.RethrowingThrowableCollector.executeAndThrow(RethrowingThrowableCollector.java:23)\r\n\tat io.cucumber.core.runtime.CucumberExecutionContext.runTestCase(CucumberExecutionContext.java:129)\r\n\tat io.cucumber.testng.TestNGCucumberRunner.runScenario(TestNGCucumberRunner.java:129)\r\n\tat io.cucumber.testng.AbstractTestNGCucumberTests.runScenario(AbstractTestNGCucumberTests.java:35)\r\n\tat sun.reflect.NativeMethodAccessorImpl.invoke0(Native Method)\r\n\tat sun.reflect.NativeMethodAccessorImpl.invoke(NativeMethodAccessorImpl.java:62)\r\n\tat sun.reflect.DelegatingMethodAccessorImpl.invoke(DelegatingMethodAccessorImpl.java:43)\r\n\tat java.lang.reflect.Method.invoke(Method.java:498)\r\n\tat org.testng.internal.invokers.MethodInvocationHelper.invokeMethod(MethodInvocationHelper.java:135)\r\n\tat org.testng.internal.invokers.TestInvoker.invokeMethod(TestInvoker.java:673)\r\n\tat org.testng.internal.invokers.TestInvoker.invokeTestMethod(TestInvoker.java:220)\r\n\tat org.testng.internal.invokers.MethodRunner.runInSequence(MethodRunner.java:50)\r\n\tat org.testng.internal.invokers.TestInvoker$MethodInvocationAgent.invoke(TestInvoker.java:945)\r\n\tat org.testng.internal.invokers.TestInvoker.invokeTestMethods(TestInvoker.java:193)\r\n\tat org.testng.internal.invokers.TestMethodWorker.invokeTestMethods(TestMethodWorker.java:146)\r\n\tat org.testng.internal.invokers.TestMethodWorker.run(TestMethodWorker.java:128)\r\n\tat java.util.ArrayList.forEach(ArrayList.java:1259)\r\n\tat org.testng.TestRunner.privateRun(TestRunner.java:808)\r\n\tat org.testng.TestRunner.run(TestRunner.java:603)\r\n\tat org.testng.SuiteRunner.runTest(SuiteRunner.java:429)\r\n\tat org.testng.SuiteRunner.runSequentially(SuiteRunner.java:423)\r\n\tat org.testng.SuiteRunner.privateRun(SuiteRunner.java:383)\r\n\tat org.testng.SuiteRunner.run(SuiteRunner.java:326)\r\n\tat org.testng.SuiteRunnerWorker.runSuite(SuiteRunnerWorker.java:52)\r\n\tat org.testng.SuiteRunnerWorker.run(SuiteRunnerWorker.java:95)\r\n\tat org.testng.TestNG.runSuitesSequentially(TestNG.java:1249)\r\n\tat org.testng.TestNG.runSuitesLocally(TestNG.java:1169)\r\n\tat org.testng.TestNG.runSuites(TestNG.java:1092)\r\n\tat org.testng.TestNG.run(TestNG.java:1060)\r\n\tat com.intellij.rt.testng.IDEARemoteTestNG.run(IDEARemoteTestNG.java:66)\r\n\tat com.intellij.rt.testng.RemoteTestNGStarter.main(RemoteTestNGStarter.java:109)\r\n","duration":10584000000,"status":"failed"},"before":[{"result":{"status":"passed"},"match":{"location":"util.Hooks.beforeStep()"}}],"line":37,"name":"User should see \"Phone Confirmation Pop Up\" element in sign-up page","match":{"arguments":[{"val":"\"Phone Confirmation Pop Up\"","offset":16}],"location":"stepDefinitions.signUpPageSteps.shouldSeeFormElement(java.lang.String)"},"after":[{"result":{"status":"passed"},"match":{"location":"util.Hooks.afterStep()"}}],"keyword":"Then "}],"tags":[{"name":"@SignUpPage"},{"name":"@SignUp"},{"name":"@FillOutForm"}]}],"name":"Sign Up Page","description":"","id":"sign-up-page","keyword":"Feature","uri":"file:src/test/java/features/signUpPage.feature","tags":[{"name":"@SignUpPage","type":"Tag","location":{"line":1,"column":1}}]}]